<?xml version="1.0" encoding="UTF-8"?>
<testsuite xmlns:xsi="http://www.w3.org/2001/XMLSchema-instance" xsi:noNamespaceSchemaLocation="https://maven.apache.org/surefire/maven-surefire-plugin/xsd/surefire-test-report-3.0.xsd" version="3.0" name="com.example.TelegramBotInfa.TelegramBotInfaApplicationTests" time="10.9" tests="1" errors="0" skipped="0" failures="0">
  <properties>
[...]
</properties>
  <testcase name="contextLoads" classname="com.example.TelegramBotInfa.TelegramBotInfaApplicationTests" time="0.87">
    <system-out><![CDATA[15:54:29.506 [main] INFO org.springframework.test.context.support.AnnotationConfigContextLoaderUtils -- Could not detect default configuration classes for test class [com.example.TelegramBotInfa.TelegramBotInfaApplicationTests]: TelegramBotInfaApplicationTests does not declare any static, non-private, non-final, nested classes annotated with @Configuration.
15:54:29.734 [main] INFO org.springframework.boot.test.context.SpringBootTestContextBootstrapper -- Found @SpringBootConfiguration com.example.TelegramBotInfa.TelegramBotInfaApplication for test class com.example.TelegramBotInfa.TelegramBotInfaApplicationTests

  .   ____          _            __ _ _
 /\\ / ___'_ __ _ _(_)_ __  __ _ \ \ \ \
( ( )\___ | '_ | '_| | '_ \/ _` | \ \ \ \
 \\/  ___)| |_)| | | | | || (_| |  ) ) ) )
  '  |____| .__|_| |_|_| |_\__, | / / / /
 =========|_|==============|___/=/_/_/_/
 :: Spring Boot ::                (v3.1.5)

2025-01-11T15:54:30.701+09:00  WARN 74631 --- [           main] ory$DuplicateJsonObjectContextCustomizer : 

Found multiple occurrences of org.json.JSONObject on the class path:

	jar:file:/home/stepan/.m2/repository/com/vaadin/external/google/android-json/0.0.20131108.vaadin1/android-json-0.0.20131108.vaadin1.jar!/org/json/JSONObject.class
	jar:file:/home/stepan/.m2/repository/org/json/json/20170516/json-20170516.jar!/org/json/JSONObject.class

You may wish to exclude one of them to ensure predictable runtime behavior

2025-01-11T15:54:30.742+09:00  INFO 74631 --- [           main] c.e.T.TelegramBotInfaApplicationTests    : Starting TelegramBotInfaApplicationTests using Java 17.0.13 with PID 74631 (started by stepan in /home/stepan/school21/java/bot/TelegramBotInfo)
2025-01-11T15:54:30.745+09:00  INFO 74631 --- [           main] c.e.T.TelegramBotInfaApplicationTests    : No active profile set, falling back to 1 default profile: "default"
2025-01-11T15:54:31.623+09:00  INFO 74631 --- [           main] .s.d.r.c.RepositoryConfigurationDelegate : Bootstrapping Spring Data JPA repositories in DEFAULT mode.
2025-01-11T15:54:31.760+09:00  INFO 74631 --- [           main] .s.d.r.c.RepositoryConfigurationDelegate : Finished Spring Data repository scanning in 113 ms. Found 3 JPA repository interfaces.
2025-01-11T15:54:32.509+09:00  INFO 74631 --- [           main] o.hibernate.jpa.internal.util.LogHelper  : HHH000204: Processing PersistenceUnitInfo [name: default]
2025-01-11T15:54:32.622+09:00  INFO 74631 --- [           main] org.hibernate.Version                    : HHH000412: Hibernate ORM core version 6.2.13.Final
2025-01-11T15:54:32.627+09:00  INFO 74631 --- [           main] org.hibernate.cfg.Environment            : HHH000406: Using bytecode reflection optimizer
2025-01-11T15:54:33.180+09:00  INFO 74631 --- [           main] o.s.o.j.p.SpringPersistenceUnitInfo      : No LoadTimeWeaver setup: ignoring JPA class transformer
2025-01-11T15:54:33.239+09:00  INFO 74631 --- [           main] com.zaxxer.hikari.HikariDataSource       : HikariPool-1 - Starting...
2025-01-11T15:54:33.657+09:00  INFO 74631 --- [           main] com.zaxxer.hikari.pool.HikariPool        : HikariPool-1 - Added connection org.postgresql.jdbc.PgConnection@2a8f6e6
2025-01-11T15:54:33.662+09:00  INFO 74631 --- [           main] com.zaxxer.hikari.HikariDataSource       : HikariPool-1 - Start completed.
2025-01-11T15:54:35.538+09:00  INFO 74631 --- [           main] o.h.e.t.j.p.i.JtaPlatformInitiator       : HHH000489: No JTA platform available (set 'hibernate.transaction.jta.platform' to enable JTA platform integration)
2025-01-11T15:54:35.624+09:00  INFO 74631 --- [           main] j.LocalContainerEntityManagerFactoryBean : Initialized JPA EntityManagerFactory for persistence unit 'default'
2025-01-11T15:54:39.145+09:00  INFO 74631 --- [           main] c.e.T.TelegramBotInfaApplicationTests    : Started TelegramBotInfaApplicationTests in 9.13 seconds (process running for 11.304)
]]></system-out>
  </testcase>
</testsuite>